<?xml version="1.0" encoding="UTF-8"?>
<testsuite name="fr.mmyumu.troncgame.util.SurroundingHitboxCalculatorTest" tests="5" skipped="0" failures="0" errors="0" timestamp="2017-11-23T10:22:13" hostname="LFR022695" time="0.0">
  <properties/>
  <testcase name="testSurroundedBy8BlockingTiles" classname="fr.mmyumu.troncgame.util.SurroundingHitboxCalculatorTest" time="0.0"/>
  <testcase name="testSurroundedBy8NotBlockingTiles" classname="fr.mmyumu.troncgame.util.SurroundingHitboxCalculatorTest" time="0.0"/>
  <testcase name="testSurroundedBy3BlockingTilesAtBottom" classname="fr.mmyumu.troncgame.util.SurroundingHitboxCalculatorTest" time="0.0"/>
  <testcase name="testSurroundedBy3BlockingTilesAtLeft" classname="fr.mmyumu.troncgame.util.SurroundingHitboxCalculatorTest" time="0.0"/>
  <testcase name="testSurroundedBy1BlockingTilesAtBottomRight" classname="fr.mmyumu.troncgame.util.SurroundingHitboxCalculatorTest" time="0.0"/>
  <system-out><![CDATA[]]></system-out>
  <system-err><![CDATA[]]></system-err>
</testsuite>
