<?xml version="1.0" encoding="UTF-8"?>
<testsuite name="fr.mmyumu.troncgame.CompassPointTest" tests="4" skipped="0" failures="0" errors="0" timestamp="2017-11-23T10:22:12" hostname="LFR022695" time="0.0">
  <properties/>
  <testcase name="testNorthRadianAngle" classname="fr.mmyumu.troncgame.CompassPointTest" time="0.0"/>
  <testcase name="testWestRadianAngle" classname="fr.mmyumu.troncgame.CompassPointTest" time="0.0"/>
  <testcase name="testSouthRadianAngle" classname="fr.mmyumu.troncgame.CompassPointTest" time="0.0"/>
  <testcase name="testEastRadianAngle" classname="fr.mmyumu.troncgame.CompassPointTest" time="0.0"/>
  <system-out><![CDATA[]]></system-out>
  <system-err><![CDATA[]]></system-err>
</testsuite>
