<?xml version="1.0" encoding="UTF-8"?>
<testsuite name="fr.mmyumu.troncgame.ConstantsTest" tests="3" skipped="0" failures="0" errors="0" timestamp="2017-11-23T10:22:12" hostname="LFR022695" time="0.016">
  <properties/>
  <testcase name="testFontPathConstructor" classname="fr.mmyumu.troncgame.ConstantsTest" time="0.016"/>
  <testcase name="testConstantsConstructor" classname="fr.mmyumu.troncgame.ConstantsTest" time="0.0"/>
  <testcase name="testTexturePathConstructor" classname="fr.mmyumu.troncgame.ConstantsTest" time="0.0"/>
  <system-out><![CDATA[]]></system-out>
  <system-err><![CDATA[]]></system-err>
</testsuite>
